<?xml version="1.0" encoding="UTF-8"?>
<testsuite xmlns:xsi="http://www.w3.org/2001/XMLSchema-instance" xsi:noNamespaceSchemaLocation="https://maven.apache.org/surefire/maven-surefire-plugin/xsd/surefire-test-report-3.0.xsd" version="3.0" name="com.luv2code.junitdemo.ConditionalTest" time="0.262" tests="11" errors="0" skipped="6" failures="0">
  <properties>
[...]
</properties>
  <testcase name="enabledOnJavaRange" classname="com.luv2code.junitdemo.ConditionalTest" time="0.103"/>
  <testcase name="enabledOnMac" classname="com.luv2code.junitdemo.ConditionalTest" time="0.0">
    <skipped message="Disabled on operating system: Windows 11"/>
  </testcase>
  <testcase name="enabledOnJava8" classname="com.luv2code.junitdemo.ConditionalTest" time="0.0">
    <skipped message="Disabled on JRE version: 17.0.8"/>
  </testcase>
  <testcase name="enabledOnLinux" classname="com.luv2code.junitdemo.ConditionalTest" time="0.0">
    <skipped message="Disabled on operating system: Windows 11"/>
  </testcase>
  <testcase name="disabledTest" classname="com.luv2code.junitdemo.ConditionalTest" time="0.0">
    <skipped message="Disabled Test"/>
  </testcase>
  <testcase name="enabledOnWindows" classname="com.luv2code.junitdemo.ConditionalTest" time="0.001"/>
  <testcase name="systemVariableTest" classname="com.luv2code.junitdemo.ConditionalTest" time="0.0">
    <skipped message="System property [bhaskar_SYS] does not exist"/>
  </testcase>
  <testcase name="enabledOnJava17" classname="com.luv2code.junitdemo.ConditionalTest" time="0.0"/>
  <testcase name="envVariableTest" classname="com.luv2code.junitdemo.ConditionalTest" time="0.0">
    <skipped message="Environment variable [bhaskar_ENV] does not exist"/>
  </testcase>
  <testcase name="enabledOnMacWindow" classname="com.luv2code.junitdemo.ConditionalTest" time="0.0"/>
  <testcase name="enabledOnJavaRangeMin" classname="com.luv2code.junitdemo.ConditionalTest" time="0.0"/>
</testsuite>